#
# There is insufficient memory for the Java Runtime Environment to continue.
# Native memory allocation (mmap) failed to map 65536 bytes for Failed to commit metaspace.
# Possible reasons:
#   The system is out of physical RAM or swap space
#   The process is running with CompressedOops enabled, and the Java Heap may be blocking the growth of the native heap
# Possible solutions:
#   Reduce memory load on the system
#   Increase physical memory or swap space
#   Check if swap backing store is full
#   Decrease Java heap size (-Xmx/-Xms)
#   Decrease number of Java threads
#   Decrease Java thread stack sizes (-Xss)
#   Set larger code cache with -XX:ReservedCodeCacheSize=
#   JVM is running with Zero Based Compressed Oops mode in which the Java heap is
#     placed in the first 32GB address space. The Java Heap base address is the
#     maximum limit for the native heap growth. Please use -XX:HeapBaseMinAddress
#     to set the Java Heap base and to place the Java Heap above 32GB virtual address.
# This output file may be truncated or incomplete.
#
#  Out of Memory Error (virtualSpaceNode.cpp:110), pid=11252, tid=13336
#
# JRE version: Java(TM) SE Runtime Environment (17.0.9+11) (build 17.0.9+11-LTS-201)
# Java VM: Java HotSpot(TM) 64-Bit Server VM (17.0.9+11-LTS-201, mixed mode, sharing, tiered, compressed oops, compressed class ptrs, g1 gc, windows-amd64)
# No core dump will be written. Minidumps are not enabled by default on client versions of Windows
#

---------------  S U M M A R Y ------------

Command Line: -javaagent:C:\Program Files\JetBrains\IntelliJ IDEA Community Edition 2022.2.2\lib\idea_rt.jar=63742:C:\Program Files\JetBrains\IntelliJ IDEA Community Edition 2022.2.2\bin -Dfile.encoding=UTF-8 com.majortomdev.RezumeBE.RezumeBeApplication

Host: Intel(R) Core(TM) i7-2720QM CPU @ 2.20GHz, 8 cores, 23G,  Windows 10 , 64 bit Build 19041 (10.0.19041.3636)
Time: Wed Jul  3 22:01:26 2024 GMT Summer Time elapsed time: 0.531848 seconds (0d 0h 0m 0s)

---------------  T H R E A D  ---------------

Current thread (0x000001aab0039b30):  JavaThread "Monitor Ctrl-Break" daemon [_thread_in_vm, id=13336, stack(0x0000005ec4100000,0x0000005ec4200000)]

Stack: [0x0000005ec4100000,0x0000005ec4200000]
Native frames: (J=compiled Java code, j=interpreted, Vv=VM code, C=native code)
V  [jvm.dll+0x678a4a]
V  [jvm.dll+0x7d9cfd]
V  [jvm.dll+0x7db60e]
V  [jvm.dll+0x7dbc73]
V  [jvm.dll+0x245e1f]
V  [jvm.dll+0x7d5a0b]
V  [jvm.dll+0x61ebc6]
V  [jvm.dll+0x61ec2a]
V  [jvm.dll+0x62145d]
V  [jvm.dll+0x61f586]
V  [jvm.dll+0x23b871]
V  [jvm.dll+0x1ea6f7]
V  [jvm.dll+0x1e0391]
V  [jvm.dll+0x53eaec]
V  [jvm.dll+0x1f0caa]
V  [jvm.dll+0x75394d]
V  [jvm.dll+0x754d46]
V  [jvm.dll+0x4136f5]
C  [java.dll+0x1a55]

Java frames: (J=compiled Java code, j=interpreted, Vv=VM code)
j  java.lang.ClassLoader.findBootstrapClass(Ljava/lang/String;)Ljava/lang/Class;+0 java.base@17.0.9
j  java.lang.ClassLoader.findBootstrapClassOrNull(Ljava/lang/String;)Ljava/lang/Class;+10 java.base@17.0.9
j  java.lang.System$2.findBootstrapClassOrNull(Ljava/lang/String;)Ljava/lang/Class;+1 java.base@17.0.9
j  jdk.internal.loader.ClassLoaders$BootClassLoader.loadClassOrNull(Ljava/lang/String;Z)Ljava/lang/Class;+4 java.base@17.0.9
j  jdk.internal.loader.BuiltinClassLoader.loadClassOrNull(Ljava/lang/String;)Ljava/lang/Class;+3 java.base@17.0.9
j  jdk.internal.loader.BuiltinClassLoader.loadClassOrNull(Ljava/lang/String;Z)Ljava/lang/Class;+66 java.base@17.0.9
j  jdk.internal.loader.BuiltinClassLoader.loadClass(Ljava/lang/String;Z)Ljava/lang/Class;+3 java.base@17.0.9
j  jdk.internal.loader.ClassLoaders$AppClassLoader.loadClass(Ljava/lang/String;Z)Ljava/lang/Class;+36 java.base@17.0.9
j  java.lang.ClassLoader.loadClass(Ljava/lang/String;)Ljava/lang/Class;+3 java.base@17.0.9
v  ~StubRoutines::call_stub
j  com.intellij.rt.execution.application.AppMainV2$1.run()V+0
v  ~StubRoutines::call_stub

---------------  P R O C E S S  ---------------

Threads class SMR info:
_java_thread_list=0x000001aa6aa88460, length=14, elements={
0x000001aa42fbffb0, 0x000001aa59d0fee0, 0x000001aa59d10c70, 0x000001aa59d17d60,
0x000001aa59d19c40, 0x000001aa59d1d530, 0x000001aa59d1de00, 0x000001aa59d1eab0,
0x000001aa6a8468c0, 0x000001aa6a8539f0, 0x000001aa6a830090, 0x000001aa6aa693a0,
0x000001aab0039b30, 0x000001aab003a010
}

Java Threads: ( => current thread )
  0x000001aa42fbffb0 JavaThread "main" [_thread_in_vm, id=6924, stack(0x0000005ec2f00000,0x0000005ec3000000)]
  0x000001aa59d0fee0 JavaThread "Reference Handler" daemon [_thread_blocked, id=12368, stack(0x0000005ec3600000,0x0000005ec3700000)]
  0x000001aa59d10c70 JavaThread "Finalizer" daemon [_thread_blocked, id=15076, stack(0x0000005ec3700000,0x0000005ec3800000)]
  0x000001aa59d17d60 JavaThread "Signal Dispatcher" daemon [_thread_blocked, id=17640, stack(0x0000005ec3800000,0x0000005ec3900000)]
  0x000001aa59d19c40 JavaThread "Attach Listener" daemon [_thread_blocked, id=17532, stack(0x0000005ec3900000,0x0000005ec3a00000)]
  0x000001aa59d1d530 JavaThread "Service Thread" daemon [_thread_blocked, id=10584, stack(0x0000005ec3a00000,0x0000005ec3b00000)]
  0x000001aa59d1de00 JavaThread "Monitor Deflation Thread" daemon [_thread_blocked, id=9788, stack(0x0000005ec3b00000,0x0000005ec3c00000)]
  0x000001aa59d1eab0 JavaThread "C2 CompilerThread0" daemon [_thread_blocked, id=5652, stack(0x0000005ec3c00000,0x0000005ec3d00000)]
  0x000001aa6a8468c0 JavaThread "C1 CompilerThread0" daemon [_thread_blocked, id=15968, stack(0x0000005ec3d00000,0x0000005ec3e00000)]
  0x000001aa6a8539f0 JavaThread "Sweeper thread" daemon [_thread_blocked, id=14468, stack(0x0000005ec3e00000,0x0000005ec3f00000)]
  0x000001aa6a830090 JavaThread "Common-Cleaner" daemon [_thread_blocked, id=10772, stack(0x0000005ec3f00000,0x0000005ec4000000)]
  0x000001aa6aa693a0 JavaThread "C2 CompilerThread1" daemon [_thread_blocked, id=20256, stack(0x0000005ec4000000,0x0000005ec4100000)]
=>0x000001aab0039b30 JavaThread "Monitor Ctrl-Break" daemon [_thread_in_vm, id=13336, stack(0x0000005ec4100000,0x0000005ec4200000)]
  0x000001aab003a010 JavaThread "Notification Thread" daemon [_thread_blocked, id=13504, stack(0x0000005ec4200000,0x0000005ec4300000)]

Other Threads:
  0x000001aa59d0c3d0 VMThread "VM Thread" [stack: 0x0000005ec3500000,0x0000005ec3600000] [id=21004]
  0x000001aa43003e40 WatcherThread [stack: 0x0000005ec4300000,0x0000005ec4400000] [id=15496]
  0x000001aa42fe70a0 GCTaskThread "GC Thread#0" [stack: 0x0000005ec3000000,0x0000005ec3100000] [id=14224]
  0x000001aa42ff5b00 ConcurrentGCThread "G1 Main Marker" [stack: 0x0000005ec3100000,0x0000005ec3200000] [id=18956]
  0x000001aa42ff8050 ConcurrentGCThread "G1 Conc#0" [stack: 0x0000005ec3200000,0x0000005ec3300000] [id=16020]
  0x000001aa4301e7c0 ConcurrentGCThread "G1 Refine#0" [stack: 0x0000005ec3300000,0x0000005ec3400000] [id=19980]
  0x000001aa59c434f0 ConcurrentGCThread "G1 Service" [stack: 0x0000005ec3400000,0x0000005ec3500000] [id=17972]

Threads with active compile tasks:

VM state: not at safepoint (normal execution)

VM Mutex/Monitor currently owned by a thread:  ([mutex/lock_event])
[0x000001aa409dc3c0] Metaspace_lock - owner thread: 0x000001aab0039b30

Heap address: 0x0000000683800000, size: 6088 MB, Compressed Oops mode: Zero based, Oop shift amount: 3

CDS archive(s) mapped at: [0x000001aa6b000000-0x000001aa6bbd0000-0x000001aa6bbd0000), size 12386304, SharedBaseAddress: 0x000001aa6b000000, ArchiveRelocationMode: 1.
Compressed class space mapped at: 0x000001aa6c000000-0x000001aaac000000, reserved size: 1073741824
Narrow klass base: 0x000001aa6b000000, Narrow klass shift: 0, Narrow klass range: 0x100000000

GC Precious Log:
 CPUs: 8 total, 8 available
 Memory: 24351M
 Large Page Support: Disabled
 NUMA Support: Disabled
 Compressed Oops: Enabled (Zero based)
 Heap Region Size: 4M
 Heap Min Capacity: 8M
 Heap Initial Capacity: 384M
 Heap Max Capacity: 6088M
 Pre-touch: Disabled
 Parallel Workers: 8
 Concurrent Workers: 2
 Concurrent Refinement Workers: 8
 Periodic GC: Disabled

Heap:
 garbage-first heap   total 393216K, used 0K [0x0000000683800000, 0x0000000800000000)
  region size 4096K, 2 young (8192K), 0 survivors (0K)
 Metaspace       used 474K, committed 640K, reserved 1114112K
  class space    used 20K, committed 128K, reserved 1048576K

Heap Regions: E=young(eden), S=young(survivor), O=old, HS=humongous(starts), HC=humongous(continues), CS=collection set, F=free, OA=open archive, CA=closed archive, TAMS=top-at-mark-start (previous, next)
|   0|0x0000000683800000, 0x0000000683800000, 0x0000000683c00000|  0%| F|  |TAMS 0x0000000683800000, 0x0000000683800000| Untracked 
|   1|0x0000000683c00000, 0x0000000683c00000, 0x0000000684000000|  0%| F|  |TAMS 0x0000000683c00000, 0x0000000683c00000| Untracked 
|   2|0x0000000684000000, 0x0000000684000000, 0x0000000684400000|  0%| F|  |TAMS 0x0000000684000000, 0x0000000684000000| Untracked 
|   3|0x0000000684400000, 0x0000000684400000, 0x0000000684800000|  0%| F|  |TAMS 0x0000000684400000, 0x0000000684400000| Untracked 
|   4|0x0000000684800000, 0x0000000684800000, 0x0000000684c00000|  0%| F|  |TAMS 0x0000000684800000, 0x0000000684800000| Untracked 
|   5|0x0000000684c00000, 0x0000000684c00000, 0x0000000685000000|  0%| F|  |TAMS 0x0000000684c00000, 0x0000000684c00000| Untracked 
|   6|0x0000000685000000, 0x0000000685000000, 0x0000000685400000|  0%| F|  |TAMS 0x0000000685000000, 0x0000000685000000| Untracked 
|   7|0x0000000685400000, 0x0000000685400000, 0x0000000685800000|  0%| F|  |TAMS 0x0000000685400000, 0x0000000685400000| Untracked 
|   8|0x0000000685800000, 0x0000000685800000, 0x0000000685c00000|  0%| F|  |TAMS 0x0000000685800000, 0x0000000685800000| Untracked 
|   9|0x0000000685c00000, 0x0000000685c00000, 0x0000000686000000|  0%| F|  |TAMS 0x0000000685c00000, 0x0000000685c00000| Untracked 
|  10|0x0000000686000000, 0x0000000686000000, 0x0000000686400000|  0%| F|  |TAMS 0x0000000686000000, 0x0000000686000000| Untracked 
|  11|0x0000000686400000, 0x0000000686400000, 0x0000000686800000|  0%| F|  |TAMS 0x0000000686400000, 0x0000000686400000| Untracked 
|  12|0x0000000686800000, 0x0000000686800000, 0x0000000686c00000|  0%| F|  |TAMS 0x0000000686800000, 0x0000000686800000| Untracked 
|  13|0x0000000686c00000, 0x0000000686c00000, 0x0000000687000000|  0%| F|  |TAMS 0x0000000686c00000, 0x0000000686c00000| Untracked 
|  14|0x0000000687000000, 0x0000000687000000, 0x0000000687400000|  0%| F|  |TAMS 0x0000000687000000, 0x0000000687000000| Untracked 
|  15|0x0000000687400000, 0x0000000687400000, 0x0000000687800000|  0%| F|  |TAMS 0x0000000687400000, 0x0000000687400000| Untracked 
|  16|0x0000000687800000, 0x0000000687800000, 0x0000000687c00000|  0%| F|  |TAMS 0x0000000687800000, 0x0000000687800000| Untracked 
|  17|0x0000000687c00000, 0x0000000687c00000, 0x0000000688000000|  0%| F|  |TAMS 0x0000000687c00000, 0x0000000687c00000| Untracked 
|  18|0x0000000688000000, 0x0000000688000000, 0x0000000688400000|  0%| F|  |TAMS 0x0000000688000000, 0x0000000688000000| Untracked 
|  19|0x0000000688400000, 0x0000000688400000, 0x0000000688800000|  0%| F|  |TAMS 0x0000000688400000, 0x0000000688400000| Untracked 
|  20|0x0000000688800000, 0x0000000688800000, 0x0000000688c00000|  0%| F|  |TAMS 0x0000000688800000, 0x0000000688800000| Untracked 
|  21|0x0000000688c00000, 0x0000000688c00000, 0x0000000689000000|  0%| F|  |TAMS 0x0000000688c00000, 0x0000000688c00000| Untracked 
|  22|0x0000000689000000, 0x0000000689000000, 0x0000000689400000|  0%| F|  |TAMS 0x0000000689000000, 0x0000000689000000| Untracked 
|  23|0x0000000689400000, 0x0000000689400000, 0x0000000689800000|  0%| F|  |TAMS 0x0000000689400000, 0x0000000689400000| Untracked 
|  24|0x0000000689800000, 0x0000000689800000, 0x0000000689c00000|  0%| F|  |TAMS 0x0000000689800000, 0x0000000689800000| Untracked 
|  25|0x0000000689c00000, 0x0000000689c00000, 0x000000068a000000|  0%| F|  |TAMS 0x0000000689c00000, 0x0000000689c00000| Untracked 
|  26|0x000000068a000000, 0x000000068a000000, 0x000000068a400000|  0%| F|  |TAMS 0x000000068a000000, 0x000000068a000000| Untracked 
|  27|0x000000068a400000, 0x000000068a400000, 0x000000068a800000|  0%| F|  |TAMS 0x000000068a400000, 0x000000068a400000| Untracked 
|  28|0x000000068a800000, 0x000000068a800000, 0x000000068ac00000|  0%| F|  |TAMS 0x000000068a800000, 0x000000068a800000| Untracked 
|  29|0x000000068ac00000, 0x000000068ac00000, 0x000000068b000000|  0%| F|  |TAMS 0x000000068ac00000, 0x000000068ac00000| Untracked 
|  30|0x000000068b000000, 0x000000068b000000, 0x000000068b400000|  0%| F|  |TAMS 0x000000068b000000, 0x000000068b000000| Untracked 
|  31|0x000000068b400000, 0x000000068b400000, 0x000000068b800000|  0%| F|  |TAMS 0x000000068b400000, 0x000000068b400000| Untracked 
|  32|0x000000068b800000, 0x000000068b800000, 0x000000068bc00000|  0%| F|  |TAMS 0x000000068b800000, 0x000000068b800000| Untracked 
|  33|0x000000068bc00000, 0x000000068bc00000, 0x000000068c000000|  0%| F|  |TAMS 0x000000068bc00000, 0x000000068bc00000| Untracked 
|  34|0x000000068c000000, 0x000000068c000000, 0x000000068c400000|  0%| F|  |TAMS 0x000000068c000000, 0x000000068c000000| Untracked 
|  35|0x000000068c400000, 0x000000068c400000, 0x000000068c800000|  0%| F|  |TAMS 0x000000068c400000, 0x000000068c400000| Untracked 
|  36|0x000000068c800000, 0x000000068c800000, 0x000000068cc00000|  0%| F|  |TAMS 0x000000068c800000, 0x000000068c800000| Untracked 
|  37|0x000000068cc00000, 0x000000068cc00000, 0x000000068d000000|  0%| F|  |TAMS 0x000000068cc00000, 0x000000068cc00000| Untracked 
|  38|0x000000068d000000, 0x000000068d000000, 0x000000068d400000|  0%| F|  |TAMS 0x000000068d000000, 0x000000068d000000| Untracked 
|  39|0x000000068d400000, 0x000000068d400000, 0x000000068d800000|  0%| F|  |TAMS 0x000000068d400000, 0x000000068d400000| Untracked 
|  40|0x000000068d800000, 0x000000068d800000, 0x000000068dc00000|  0%| F|  |TAMS 0x000000068d800000, 0x000000068d800000| Untracked 
|  41|0x000000068dc00000, 0x000000068dc00000, 0x000000068e000000|  0%| F|  |TAMS 0x000000068dc00000, 0x000000068dc00000| Untracked 
|  42|0x000000068e000000, 0x000000068e000000, 0x000000068e400000|  0%| F|  |TAMS 0x000000068e000000, 0x000000068e000000| Untracked 
|  43|0x000000068e400000, 0x000000068e400000, 0x000000068e800000|  0%| F|  |TAMS 0x000000068e400000, 0x000000068e400000| Untracked 
|  44|0x000000068e800000, 0x000000068e800000, 0x000000068ec00000|  0%| F|  |TAMS 0x000000068e800000, 0x000000068e800000| Untracked 
|  45|0x000000068ec00000, 0x000000068ec00000, 0x000000068f000000|  0%| F|  |TAMS 0x000000068ec00000, 0x000000068ec00000| Untracked 
|  46|0x000000068f000000, 0x000000068f000000, 0x000000068f400000|  0%| F|  |TAMS 0x000000068f000000, 0x000000068f000000| Untracked 
|  47|0x000000068f400000, 0x000000068f400000, 0x000000068f800000|  0%| F|  |TAMS 0x000000068f400000, 0x000000068f400000| Untracked 
|  48|0x000000068f800000, 0x000000068f800000, 0x000000068fc00000|  0%| F|  |TAMS 0x000000068f800000, 0x000000068f800000| Untracked 
|  49|0x000000068fc00000, 0x000000068fc00000, 0x0000000690000000|  0%| F|  |TAMS 0x000000068fc00000, 0x000000068fc00000| Untracked 
|  50|0x0000000690000000, 0x0000000690000000, 0x0000000690400000|  0%| F|  |TAMS 0x0000000690000000, 0x0000000690000000| Untracked 
|  51|0x0000000690400000, 0x0000000690400000, 0x0000000690800000|  0%| F|  |TAMS 0x0000000690400000, 0x0000000690400000| Untracked 
|  52|0x0000000690800000, 0x0000000690800000, 0x0000000690c00000|  0%| F|  |TAMS 0x0000000690800000, 0x0000000690800000| Untracked 
|  53|0x0000000690c00000, 0x0000000690c00000, 0x0000000691000000|  0%| F|  |TAMS 0x0000000690c00000, 0x0000000690c00000| Untracked 
|  54|0x0000000691000000, 0x0000000691000000, 0x0000000691400000|  0%| F|  |TAMS 0x0000000691000000, 0x0000000691000000| Untracked 
|  55|0x0000000691400000, 0x0000000691400000, 0x0000000691800000|  0%| F|  |TAMS 0x0000000691400000, 0x0000000691400000| Untracked 
|  56|0x0000000691800000, 0x0000000691800000, 0x0000000691c00000|  0%| F|  |TAMS 0x0000000691800000, 0x0000000691800000| Untracked 
|  57|0x0000000691c00000, 0x0000000691c00000, 0x0000000692000000|  0%| F|  |TAMS 0x0000000691c00000, 0x0000000691c00000| Untracked 
|  58|0x0000000692000000, 0x0000000692000000, 0x0000000692400000|  0%| F|  |TAMS 0x0000000692000000, 0x0000000692000000| Untracked 
|  59|0x0000000692400000, 0x0000000692400000, 0x0000000692800000|  0%| F|  |TAMS 0x0000000692400000, 0x0000000692400000| Untracked 
|  60|0x0000000692800000, 0x0000000692800000, 0x0000000692c00000|  0%| F|  |TAMS 0x0000000692800000, 0x0000000692800000| Untracked 
|  61|0x0000000692c00000, 0x0000000692c00000, 0x0000000693000000|  0%| F|  |TAMS 0x0000000692c00000, 0x0000000692c00000| Untracked 
|  62|0x0000000693000000, 0x0000000693000000, 0x0000000693400000|  0%| F|  |TAMS 0x0000000693000000, 0x0000000693000000| Untracked 
|  63|0x0000000693400000, 0x0000000693400000, 0x0000000693800000|  0%| F|  |TAMS 0x0000000693400000, 0x0000000693400000| Untracked 
|  64|0x0000000693800000, 0x0000000693800000, 0x0000000693c00000|  0%| F|  |TAMS 0x0000000693800000, 0x0000000693800000| Untracked 
|  65|0x0000000693c00000, 0x0000000693c00000, 0x0000000694000000|  0%| F|  |TAMS 0x0000000693c00000, 0x0000000693c00000| Untracked 
|  66|0x0000000694000000, 0x0000000694000000, 0x0000000694400000|  0%| F|  |TAMS 0x0000000694000000, 0x0000000694000000| Untracked 
|  67|0x0000000694400000, 0x0000000694400000, 0x0000000694800000|  0%| F|  |TAMS 0x0000000694400000, 0x0000000694400000| Untracked 
|  68|0x0000000694800000, 0x0000000694800000, 0x0000000694c00000|  0%| F|  |TAMS 0x0000000694800000, 0x0000000694800000| Untracked 
|  69|0x0000000694c00000, 0x0000000694c00000, 0x0000000695000000|  0%| F|  |TAMS 0x0000000694c00000, 0x0000000694c00000| Untracked 
|  70|0x0000000695000000, 0x0000000695000000, 0x0000000695400000|  0%| F|  |TAMS 0x0000000695000000, 0x0000000695000000| Untracked 
|  71|0x0000000695400000, 0x0000000695400000, 0x0000000695800000|  0%| F|  |TAMS 0x0000000695400000, 0x0000000695400000| Untracked 
|  72|0x0000000695800000, 0x0000000695800000, 0x0000000695c00000|  0%| F|  |TAMS 0x0000000695800000, 0x0000000695800000| Untracked 
|  73|0x0000000695c00000, 0x0000000695c00000, 0x0000000696000000|  0%| F|  |TAMS 0x0000000695c00000, 0x0000000695c00000| Untracked 
|  74|0x0000000696000000, 0x0000000696000000, 0x0000000696400000|  0%| F|  |TAMS 0x0000000696000000, 0x0000000696000000| Untracked 
|  75|0x0000000696400000, 0x0000000696400000, 0x0000000696800000|  0%| F|  |TAMS 0x0000000696400000, 0x0000000696400000| Untracked 
|  76|0x0000000696800000, 0x0000000696800000, 0x0000000696c00000|  0%| F|  |TAMS 0x0000000696800000, 0x0000000696800000| Untracked 
|  77|0x0000000696c00000, 0x0000000696c00000, 0x0000000697000000|  0%| F|  |TAMS 0x0000000696c00000, 0x0000000696c00000| Untracked 
|  78|0x0000000697000000, 0x0000000697000000, 0x0000000697400000|  0%| F|  |TAMS 0x0000000697000000, 0x0000000697000000| Untracked 
|  79|0x0000000697400000, 0x0000000697400000, 0x0000000697800000|  0%| F|  |TAMS 0x0000000697400000, 0x0000000697400000| Untracked 
|  80|0x0000000697800000, 0x0000000697800000, 0x0000000697c00000|  0%| F|  |TAMS 0x0000000697800000, 0x0000000697800000| Untracked 
|  81|0x0000000697c00000, 0x0000000697c00000, 0x0000000698000000|  0%| F|  |TAMS 0x0000000697c00000, 0x0000000697c00000| Untracked 
|  82|0x0000000698000000, 0x0000000698000000, 0x0000000698400000|  0%| F|  |TAMS 0x0000000698000000, 0x0000000698000000| Untracked 
|  83|0x0000000698400000, 0x0000000698400000, 0x0000000698800000|  0%| F|  |TAMS 0x0000000698400000, 0x0000000698400000| Untracked 
|  84|0x0000000698800000, 0x0000000698800000, 0x0000000698c00000|  0%| F|  |TAMS 0x0000000698800000, 0x0000000698800000| Untracked 
|  85|0x0000000698c00000, 0x0000000698c00000, 0x0000000699000000|  0%| F|  |TAMS 0x0000000698c00000, 0x0000000698c00000| Untracked 
|  86|0x0000000699000000, 0x0000000699000000, 0x0000000699400000|  0%| F|  |TAMS 0x0000000699000000, 0x0000000699000000| Untracked 
|  87|0x0000000699400000, 0x0000000699400000, 0x0000000699800000|  0%| F|  |TAMS 0x0000000699400000, 0x0000000699400000| Untracked 
|  88|0x0000000699800000, 0x0000000699800000, 0x0000000699c00000|  0%| F|  |TAMS 0x0000000699800000, 0x0000000699800000| Untracked 
|  89|0x0000000699c00000, 0x0000000699c00000, 0x000000069a000000|  0%| F|  |TAMS 0x0000000699c00000, 0x0000000699c00000| Untracked 
|  90|0x000000069a000000, 0x000000069a000000, 0x000000069a400000|  0%| F|  |TAMS 0x000000069a000000, 0x000000069a000000| Untracked 
|  91|0x000000069a400000, 0x000000069a400000, 0x000000069a800000|  0%| F|  |TAMS 0x000000069a400000, 0x000000069a400000| Untracked 
|  92|0x000000069a800000, 0x000000069a800000, 0x000000069ac00000|  0%| F|  |TAMS 0x000000069a800000, 0x000000069a800000| Untracked 
|  93|0x000000069ac00000, 0x000000069ac00000, 0x000000069b000000|  0%| F|  |TAMS 0x000000069ac00000, 0x000000069ac00000| Untracked 
|  94|0x000000069b000000, 0x000000069b3849e8, 0x000000069b400000| 87%| E|  |TAMS 0x000000069b000000, 0x000000069b000000| Complete 
|  95|0x000000069b400000, 0x000000069b800000, 0x000000069b800000|100%| E|  |TAMS 0x000000069b400000, 0x000000069b400000| Complete 

Card table byte_map: [0x000001aa5a910000,0x000001aa5b500000] _byte_map_base: 0x000001aa574f4000

Marking Bits (Prev, Next): (CMBitMap*) 0x000001aa42fe8380, (CMBitMap*) 0x000001aa42fe83c0
 Prev Bits: [0x000001aa5c0f0000, 0x000001aa62010000)
 Next Bits: [0x000001aa62010000, 0x000001aa67f30000)

Polling page: 0x000001aa40b50000

Metaspace:

Usage:
  Non-class:    454.50 KB used.
      Class:     20.20 KB used.
       Both:    474.70 KB used.

Virtual space:
  Non-class space:       64.00 MB reserved,     512.00 KB ( <1%) committed,  1 nodes.
      Class space:        1.00 GB reserved,     128.00 KB ( <1%) committed,  1 nodes.
             Both:        1.06 GB reserved,     640.00 KB ( <1%) committed. 

Chunk freelists:
   Non-Class:  11.99 MB
       Class:  15.75 MB
        Both:  27.73 MB

MaxMetaspaceSize: unlimited
CompressedClassSpaceSize: 1.00 GB
Initial GC threshold: 21.00 MB
Current GC threshold: 21.00 MB
CDS: on
MetaspaceReclaimPolicy: balanced
 - commit_granule_bytes: 65536.
 - commit_granule_words: 8192.
 - virtual_space_node_default_size: 8388608.
 - enlarge_chunks_in_place: 1.
 - new_chunks_are_fully_committed: 0.
 - uncommit_free_chunks: 1.
 - use_allocation_guard: 0.
 - handle_deallocations: 1.


Internal statistics:

num_allocs_failed_limit: 0.
num_arena_births: 6.
num_arena_deaths: 0.
num_vsnodes_births: 2.
num_vsnodes_deaths: 0.
num_space_committed: 10.
num_space_uncommitted: 0.
num_chunks_returned_to_freelist: 0.
num_chunks_taken_from_freelist: 9.
num_chunk_merges: 0.
num_chunk_splits: 4.
num_chunks_enlarged: 1.
num_inconsistent_stats: 0.

CodeHeap 'non-profiled nmethods': size=120000Kb used=111Kb max_used=111Kb free=119889Kb
 bounds [0x000001aa522c0000, 0x000001aa52530000, 0x000001aa597f0000]
CodeHeap 'profiled nmethods': size=120000Kb used=410Kb max_used=410Kb free=119589Kb
 bounds [0x000001aa4a7f0000, 0x000001aa4aa60000, 0x000001aa51d20000]
CodeHeap 'non-nmethods': size=5760Kb used=1097Kb max_used=1124Kb free=4662Kb
 bounds [0x000001aa51d20000, 0x000001aa51f90000, 0x000001aa522c0000]
 total_blobs=689 nmethods=318 adapters=284
 compilation: enabled
              stopped_count=0, restarted_count=0
 full_count=0

Compilation events (20 events):
Event: 0.325 Thread 0x000001aa6a8468c0  309       3       java.util.ImmutableCollections$List12::get (35 bytes)
Event: 0.325 Thread 0x000001aa6a8468c0 nmethod 309 0x000001aa4a850b10 code [0x000001aa4a850cc0, 0x000001aa4a850f88]
Event: 0.326 Thread 0x000001aa6a8468c0  310       3       java.lang.String::startsWith (7 bytes)
Event: 0.326 Thread 0x000001aa6a8468c0 nmethod 310 0x000001aa4a851090 code [0x000001aa4a851220, 0x000001aa4a851368]
Event: 0.326 Thread 0x000001aa6a8468c0  311       3       java.lang.StringLatin1::replace (198 bytes)
Event: 0.327 Thread 0x000001aa6a8468c0 nmethod 311 0x000001aa4a851410 code [0x000001aa4a8516a0, 0x000001aa4a852428]
Event: 0.327 Thread 0x000001aa6a8468c0  313       3       java.io.File::<init> (47 bytes)
Event: 0.327 Thread 0x000001aa6a8468c0 nmethod 313 0x000001aa4a852910 code [0x000001aa4a852ae0, 0x000001aa4a852e88]
Event: 0.327 Thread 0x000001aa6a8468c0  312       1       java.nio.Buffer::limit (5 bytes)
Event: 0.327 Thread 0x000001aa6a8468c0 nmethod 312 0x000001aa522db910 code [0x000001aa522dbaa0, 0x000001aa522dbb78]
Event: 0.329 Thread 0x000001aa6a8468c0  314       3       java.lang.Class::getName (18 bytes)
Event: 0.329 Thread 0x000001aa6a8468c0 nmethod 314 0x000001aa4a853010 code [0x000001aa4a8531c0, 0x000001aa4a853348]
Event: 0.329 Thread 0x000001aa6a8468c0  315       3       java.util.zip.ZipFile$Source::getEntryNext (9 bytes)
Event: 0.329 Thread 0x000001aa6a8468c0 nmethod 315 0x000001aa4a853410 code [0x000001aa4a8535a0, 0x000001aa4a8536d8]
Event: 0.329 Thread 0x000001aa6a8468c0  316   !   3       java.util.zip.ZipFile$Source::getEntryPos (173 bytes)
Event: 0.330 Thread 0x000001aa6a8468c0 nmethod 316 0x000001aa4a853790 code [0x000001aa4a853a80, 0x000001aa4a854b48]
Event: 0.330 Thread 0x000001aa6a8468c0  317   !   3       java.util.zip.ZipFile::getEntry (59 bytes)
Event: 0.331 Thread 0x000001aa6a8468c0 nmethod 317 0x000001aa4a855590 code [0x000001aa4a855780, 0x000001aa4a855bf8]
Event: 0.331 Thread 0x000001aa6a8468c0  318       3       java.util.zip.ZipCoder::hash (36 bytes)
Event: 0.332 Thread 0x000001aa6a8468c0 nmethod 318 0x000001aa4a855e90 code [0x000001aa4a8560a0, 0x000001aa4a8567c8]

GC Heap History (0 events):
No events

Deoptimization events (20 events):
Event: 0.231 Thread 0x000001aa42fbffb0 DEOPT PACKING pc=0x000001aa4a82138c sp=0x0000005ec2ffdc10
Event: 0.231 Thread 0x000001aa42fbffb0 DEOPT UNPACKING pc=0x000001aa51d72b43 sp=0x0000005ec2ffd0a0 mode 0
Event: 0.231 Thread 0x000001aa42fbffb0 DEOPT PACKING pc=0x000001aa4a82138c sp=0x0000005ec2ffdc10
Event: 0.231 Thread 0x000001aa42fbffb0 DEOPT UNPACKING pc=0x000001aa51d72b43 sp=0x0000005ec2ffd0a0 mode 0
Event: 0.231 Thread 0x000001aa42fbffb0 DEOPT PACKING pc=0x000001aa4a82138c sp=0x0000005ec2ffdc10
Event: 0.231 Thread 0x000001aa42fbffb0 DEOPT UNPACKING pc=0x000001aa51d72b43 sp=0x0000005ec2ffd0a0 mode 0
Event: 0.231 Thread 0x000001aa42fbffb0 DEOPT PACKING pc=0x000001aa4a82138c sp=0x0000005ec2ffdc10
Event: 0.231 Thread 0x000001aa42fbffb0 DEOPT UNPACKING pc=0x000001aa51d72b43 sp=0x0000005ec2ffd0a0 mode 0
Event: 0.232 Thread 0x000001aa42fbffb0 DEOPT PACKING pc=0x000001aa4a82138c sp=0x0000005ec2ffdc10
Event: 0.232 Thread 0x000001aa42fbffb0 DEOPT UNPACKING pc=0x000001aa51d72b43 sp=0x0000005ec2ffd0a0 mode 0
Event: 0.243 Thread 0x000001aa42fbffb0 Uncommon trap: trap_request=0xffffff45 fr.pc=0x000001aa522ce048 relative=0x00000000000008e8
Event: 0.243 Thread 0x000001aa42fbffb0 Uncommon trap: reason=unstable_if action=reinterpret pc=0x000001aa522ce048 method=java.util.HashMap.putVal(ILjava/lang/Object;Ljava/lang/Object;ZZ)Ljava/lang/Object; @ 181 c2
Event: 0.243 Thread 0x000001aa42fbffb0 DEOPT PACKING pc=0x000001aa522ce048 sp=0x0000005ec2ffe600
Event: 0.243 Thread 0x000001aa42fbffb0 DEOPT UNPACKING pc=0x000001aa51d723a3 sp=0x0000005ec2ffe5a0 mode 2
Event: 0.252 Thread 0x000001aa42fbffb0 Uncommon trap: trap_request=0xffffff45 fr.pc=0x000001aa522d0920 relative=0x0000000000000660
Event: 0.252 Thread 0x000001aa42fbffb0 Uncommon trap: reason=unstable_if action=reinterpret pc=0x000001aa522d0920 method=java.util.zip.ZipFile$Source.checkAndAddEntry(II)I @ 50 c2
Event: 0.252 Thread 0x000001aa42fbffb0 DEOPT PACKING pc=0x000001aa522d0920 sp=0x0000005ec2ffdd40
Event: 0.252 Thread 0x000001aa42fbffb0 DEOPT UNPACKING pc=0x000001aa51d723a3 sp=0x0000005ec2ffdcb0 mode 2
Event: 0.272 Thread 0x000001aa42fbffb0 DEOPT PACKING pc=0x000001aa4a7f9b67 sp=0x0000005ec2ffdac0
Event: 0.272 Thread 0x000001aa42fbffb0 DEOPT UNPACKING pc=0x000001aa51d72b43 sp=0x0000005ec2ffcee0 mode 0

Classes unloaded (0 events):
No events

Classes redefined (0 events):
No events

Internal exceptions (0 events):
No events

VM Operations (2 events):
Event: 0.161 Executing VM operation: HandshakeAllThreads
Event: 0.161 Executing VM operation: HandshakeAllThreads done

Events (20 events):
Event: 0.210 Loaded shared library C:\Program Files\Java\jdk-17\bin\zip.dll
Event: 0.240 loading class java/io/BufferedReader
Event: 0.241 loading class java/io/Reader
Event: 0.241 loading class java/io/Reader done
Event: 0.241 loading class java/io/BufferedReader done
Event: 0.241 loading class java/io/InputStreamReader
Event: 0.241 loading class java/io/InputStreamReader done
Event: 0.241 loading class sun/nio/cs/StreamDecoder
Event: 0.241 loading class sun/nio/cs/StreamDecoder done
Event: 0.241 loading class sun/nio/cs/UTF_8$Decoder
Event: 0.241 loading class sun/nio/cs/UTF_8$Decoder done
Event: 0.241 loading class java/util/Vector
Event: 0.242 loading class java/util/Vector done
Event: 0.244 Thread 0x000001aa6aa693a0 Thread added: 0x000001aa6aa693a0
Event: 0.331 loading class java/lang/reflect/InvocationTargetException
Event: 0.331 loading class java/lang/reflect/InvocationTargetException done
Event: 0.333 Loaded shared library C:\Program Files\JetBrains\IntelliJ IDEA Community Edition 2022.2.2\bin\breakgen64.dll
Event: 0.334 Thread 0x000001aab0039b30 Thread added: 0x000001aab0039b30
Event: 0.334 Thread 0x000001aab003a010 Thread added: 0x000001aab003a010
Event: 0.334 loading class java/net/Socket


Dynamic libraries:
0x00007ff60ed10000 - 0x00007ff60ed20000 	C:\Program Files\Java\jdk-17\bin\java.exe
0x00007ffa84e10000 - 0x00007ffa85008000 	C:\Windows\SYSTEM32\ntdll.dll
0x00007ffa83ba0000 - 0x00007ffa83c5d000 	C:\Windows\System32\KERNEL32.DLL
0x00007ffa827e0000 - 0x00007ffa82ad6000 	C:\Windows\System32\KERNELBASE.dll
0x00007ffa825f0000 - 0x00007ffa826f0000 	C:\Windows\System32\ucrtbase.dll
0x00007ffa7b2d0000 - 0x00007ffa7b2eb000 	C:\Program Files\Java\jdk-17\bin\VCRUNTIME140.dll
0x00007ffa7faf0000 - 0x00007ffa7fb09000 	C:\Program Files\Java\jdk-17\bin\jli.dll
0x00007ffa83480000 - 0x00007ffa83530000 	C:\Windows\System32\ADVAPI32.dll
0x00007ffa83720000 - 0x00007ffa837be000 	C:\Windows\System32\msvcrt.dll
0x00007ffa837c0000 - 0x00007ffa83860000 	C:\Windows\System32\sechost.dll
0x00007ffa84a50000 - 0x00007ffa84b73000 	C:\Windows\System32\RPCRT4.dll
0x00007ffa827b0000 - 0x00007ffa827d7000 	C:\Windows\System32\bcrypt.dll
0x00007ffa83c60000 - 0x00007ffa83dff000 	C:\Windows\System32\USER32.dll
0x00007ffa74250000 - 0x00007ffa744ea000 	C:\Windows\WinSxS\amd64_microsoft.windows.common-controls_6595b64144ccf1df_6.0.19041.4355_none_60b8b9eb71f62e16\COMCTL32.dll
0x00007ffa82b80000 - 0x00007ffa82ba2000 	C:\Windows\System32\win32u.dll
0x00007ffa83e60000 - 0x00007ffa83e8b000 	C:\Windows\System32\GDI32.dll
0x00007ffa824d0000 - 0x00007ffa825e7000 	C:\Windows\System32\gdi32full.dll
0x00007ffa82ae0000 - 0x00007ffa82b7d000 	C:\Windows\System32\msvcp_win.dll
0x00007ffa81290000 - 0x00007ffa8129a000 	C:\Windows\SYSTEM32\VERSION.dll
0x00007ffa83450000 - 0x00007ffa8347f000 	C:\Windows\System32\IMM32.DLL
0x00007ffa812a0000 - 0x00007ffa812d0000 	C:\Windows\system32\DriverStore\FileRepository\nvlt.inf_amd64_d8048c8cf9921ace\nvinitx.dll
0x00007ffa83ea0000 - 0x00007ffa8460c000 	C:\Windows\System32\Shell32.dll
0x00007ffa804d0000 - 0x00007ffa80c6d000 	C:\Windows\SYSTEM32\windows.storage.dll
0x00007ffa846e0000 - 0x00007ffa84a33000 	C:\Windows\System32\combase.dll
0x00007ffa81e10000 - 0x00007ffa81e3e000 	C:\Windows\SYSTEM32\Wldp.dll
0x00007ffa84610000 - 0x00007ffa846dd000 	C:\Windows\System32\OLEAUT32.dll
0x00007ffa83860000 - 0x00007ffa8390d000 	C:\Windows\System32\SHCORE.dll
0x00007ffa832c0000 - 0x00007ffa83315000 	C:\Windows\System32\shlwapi.dll
0x0000000076b30000 - 0x0000000076b36000 	C:\Program Files\NVIDIA Corporation\CoProcManager\_etoured.dll
0x00007ffa78520000 - 0x00007ffa7855b000 	C:\Program Files\NVIDIA Corporation\CoProcManager\nvd3d9wrapx.dll
0x00007ffa82e50000 - 0x00007ffa832be000 	C:\Windows\System32\SETUPAPI.dll
0x00007ffa826f0000 - 0x00007ffa8273e000 	C:\Windows\System32\cfgmgr32.dll
0x00007ffa783c0000 - 0x00007ffa783e4000 	C:\Program Files\NVIDIA Corporation\CoProcManager\nvdxgiwrapx.dll
0x00007ffa80140000 - 0x00007ffa8014c000 	C:\Program Files\Java\jdk-17\bin\vcruntime140_1.dll
0x00007ffa7b240000 - 0x00007ffa7b2ce000 	C:\Program Files\Java\jdk-17\bin\msvcp140.dll
0x00007ffa3d740000 - 0x00007ffa3e321000 	C:\Program Files\Java\jdk-17\bin\server\jvm.dll
0x00007ffa84b80000 - 0x00007ffa84b88000 	C:\Windows\System32\PSAPI.DLL
0x00007ffa755d0000 - 0x00007ffa755f7000 	C:\Windows\SYSTEM32\WINMM.dll
0x00007ffa731f0000 - 0x00007ffa731f9000 	C:\Windows\SYSTEM32\WSOCK32.dll
0x00007ffa836b0000 - 0x00007ffa8371b000 	C:\Windows\System32\WS2_32.dll
0x00007ffa804b0000 - 0x00007ffa804c2000 	C:\Windows\SYSTEM32\kernel.appcore.dll
0x00007ffa7f840000 - 0x00007ffa7f84a000 	C:\Program Files\Java\jdk-17\bin\jimage.dll
0x00007ffa7f380000 - 0x00007ffa7f564000 	C:\Windows\SYSTEM32\DBGHELP.DLL
0x00007ffa7f340000 - 0x00007ffa7f374000 	C:\Windows\SYSTEM32\dbgcore.DLL
0x00007ffa82bb0000 - 0x00007ffa82c32000 	C:\Windows\System32\bcryptPrimitives.dll
0x00007ffa7b1a0000 - 0x00007ffa7b1ae000 	C:\Program Files\Java\jdk-17\bin\instrument.dll
0x00007ffa7b210000 - 0x00007ffa7b235000 	C:\Program Files\Java\jdk-17\bin\java.dll
0x00007ffa69c90000 - 0x00007ffa69d67000 	C:\Program Files\Java\jdk-17\bin\jsvml.dll
0x00007ffa82400000 - 0x00007ffa82424000 	C:\Windows\SYSTEM32\profapi.dll
0x00007ffa7b1b0000 - 0x00007ffa7b1c8000 	C:\Program Files\Java\jdk-17\bin\zip.dll
0x00007ffa7b1f0000 - 0x00007ffa7b209000 	C:\Program Files\Java\jdk-17\bin\net.dll
0x00007ffa77dd0000 - 0x00007ffa77eda000 	C:\Windows\SYSTEM32\WINHTTP.dll
0x00007ffa81bf0000 - 0x00007ffa81c5a000 	C:\Windows\system32\mswsock.dll
0x00007ffa7b1d0000 - 0x00007ffa7b1e6000 	C:\Program Files\Java\jdk-17\bin\nio.dll
0x00007ffa7b170000 - 0x00007ffa7b18a000 	C:\Program Files\JetBrains\IntelliJ IDEA Community Edition 2022.2.2\bin\breakgen64.dll

dbghelp: loaded successfully - version: 4.0.5 - missing functions: none
symbol engine: initialized successfully - sym options: 0x614 - pdb path: .;C:\Program Files\Java\jdk-17\bin;C:\Windows\SYSTEM32;C:\Windows\WinSxS\amd64_microsoft.windows.common-controls_6595b64144ccf1df_6.0.19041.4355_none_60b8b9eb71f62e16;C:\Windows\system32\DriverStore\FileRepository\nvlt.inf_amd64_d8048c8cf9921ace;C:\Program Files\NVIDIA Corporation\CoProcManager;C:\Program Files\Java\jdk-17\bin\server;C:\Program Files\JetBrains\IntelliJ IDEA Community Edition 2022.2.2\bin

VM Arguments:
jvm_args: -javaagent:C:\Program Files\JetBrains\IntelliJ IDEA Community Edition 2022.2.2\lib\idea_rt.jar=63742:C:\Program Files\JetBrains\IntelliJ IDEA Community Edition 2022.2.2\bin -Dfile.encoding=UTF-8 
java_command: com.majortomdev.RezumeBE.RezumeBeApplication
java_class_path (initial): C:\dev\Rezume\RezumeBE\target\classes;C:\Users\user\.m2\repository\org\springframework\boot\spring-boot-starter-data-jpa\3.3.1\spring-boot-starter-data-jpa-3.3.1.jar;C:\Users\user\.m2\repository\org\springframework\boot\spring-boot-starter-aop\3.3.1\spring-boot-starter-aop-3.3.1.jar;C:\Users\user\.m2\repository\org\springframework\spring-aop\6.1.10\spring-aop-6.1.10.jar;C:\Users\user\.m2\repository\org\aspectj\aspectjweaver\1.9.22\aspectjweaver-1.9.22.jar;C:\Users\user\.m2\repository\org\springframework\boot\spring-boot-starter-jdbc\3.3.1\spring-boot-starter-jdbc-3.3.1.jar;C:\Users\user\.m2\repository\com\zaxxer\HikariCP\5.1.0\HikariCP-5.1.0.jar;C:\Users\user\.m2\repository\org\springframework\spring-jdbc\6.1.10\spring-jdbc-6.1.10.jar;C:\Users\user\.m2\repository\org\hibernate\orm\hibernate-core\6.5.2.Final\hibernate-core-6.5.2.Final.jar;C:\Users\user\.m2\repository\jakarta\persistence\jakarta.persistence-api\3.1.0\jakarta.persistence-api-3.1.0.jar;C:\Users\user\.m2\repository\jakarta\transaction\jakarta.transaction-api\2.0.1\jakarta.transaction-api-2.0.1.jar;C:\Users\user\.m2\repository\org\jboss\logging\jboss-logging\3.5.3.Final\jboss-logging-3.5.3.Final.jar;C:\Users\user\.m2\repository\org\hibernate\common\hibernate-commons-annotations\6.0.6.Final\hibernate-commons-annotations-6.0.6.Final.jar;C:\Users\user\.m2\repository\io\smallrye\jandex\3.1.2\jandex-3.1.2.jar;C:\Users\user\.m2\repository\com\fasterxml\classmate\1.7.0\classmate-1.7.0.jar;C:\Users\user\.m2\repository\net\bytebuddy\byte-buddy\1.14.17\byte-buddy-1.14.17.jar;C:\Users\user\.m2\repository\org\glassfish\jaxb\jaxb-runtime\4.0.5\jaxb-runtime-4.0.5.jar;C:\Users\user\.m2\repository\org\glassfish\jaxb\jaxb-core\4.0.5\jaxb-core-4.0.5.jar;C:\Users\user\.m2\repository\org\eclipse\angus\angus-activation\2.0.2\angus-activation-2.0.2.jar;C:\Users\user\.m2\repository\org\glassfish\jaxb\txw2\4.0.5\txw2-4.0.5.jar;C:\Users\user\.m2\repository\com\sun\istack\istack-commons-runtime\4.1.2\i
Launcher Type: SUN_STANDARD

[Global flags]
     intx CICompilerCount                          = 4                                         {product} {ergonomic}
     uint ConcGCThreads                            = 2                                         {product} {ergonomic}
     uint G1ConcRefinementThreads                  = 8                                         {product} {ergonomic}
   size_t G1HeapRegionSize                         = 4194304                                   {product} {ergonomic}
    uintx GCDrainStackTargetSize                   = 64                                        {product} {ergonomic}
   size_t InitialHeapSize                          = 402653184                                 {product} {ergonomic}
   size_t MarkStackSize                            = 4194304                                   {product} {ergonomic}
   size_t MaxHeapSize                              = 6383730688                                {product} {ergonomic}
   size_t MaxNewSize                               = 3829399552                                {product} {ergonomic}
   size_t MinHeapDeltaBytes                        = 4194304                                   {product} {ergonomic}
   size_t MinHeapSize                              = 8388608                                   {product} {ergonomic}
    uintx NonNMethodCodeHeapSize                   = 5839372                                {pd product} {ergonomic}
    uintx NonProfiledCodeHeapSize                  = 122909434                              {pd product} {ergonomic}
    uintx ProfiledCodeHeapSize                     = 122909434                              {pd product} {ergonomic}
    uintx ReservedCodeCacheSize                    = 251658240                              {pd product} {ergonomic}
     bool SegmentedCodeCache                       = true                                      {product} {ergonomic}
   size_t SoftMaxHeapSize                          = 6383730688                             {manageable} {ergonomic}
     bool UseCompressedClassPointers               = true                           {product lp64_product} {ergonomic}
     bool UseCompressedOops                        = true                           {product lp64_product} {ergonomic}
     bool UseG1GC                                  = true                                      {product} {ergonomic}
     bool UseLargePagesIndividualAllocation        = false                                  {pd product} {ergonomic}

Logging:
Log output configuration:
 #0: stdout all=warning uptime,level,tags
 #1: stderr all=off uptime,level,tags

Environment Variables:
JAVA_HOME=C:\Program Files\Java\jdk-17
PATH=C:\Python312\Scripts\;C:\Python312\;C:\Program Files\nodejs;C:\Python310\Scripts\;C:\Python310\;C:\Windows\system32;C:\Windows;C:\Windows\System32\Wbem;C:\Windows\System32\WindowsPowerShell\v1.0\;C:\Windows\System32\OpenSSH\;C:\Program Files\Microsoft VS Code\bin;C:\ProgramData\chocolatey\bin;C:\Windows\System32\node_modules\.bin;C:\Users\user\AppData\Roaming;C:\Program Files\Java\jdk-17\bin;C:\apache-maven-3.8.6\bin;C:\Program Files\nodejs\;C:\Program Files\MySQL\MySQL Server 8.3\bin;C:\Program Files\Amazon\AWSCLIV2\;C:\Program Files\Docker\Docker\resources\bin;C:\Users\user\AppData\Local\Programs\Python\Python312;C:\Users\user\AppData\Local\Programs\Python\Python312\Scripts\;C:\Users\user\AppData\Local\Programs\Python\Python312\;C:\Users\user\AppData\Local\Microsoft\WindowsApps;C:\Users\user\AppData\Roaming\npm;C:\Users\user\AppData\Local\Programs\Git\cmd
USERNAME=user
OS=Windows_NT
PROCESSOR_IDENTIFIER=Intel64 Family 6 Model 42 Stepping 7, GenuineIntel



---------------  S Y S T E M  ---------------

OS:
 Windows 10 , 64 bit Build 19041 (10.0.19041.3636)
OS uptime: 11 days 23:40 hours
Hyper-V role detected

CPU: total 8 (initial active 8) (4 cores per cpu, 2 threads per core) family 6 model 42 stepping 7 microcode 0x2f, cx8, cmov, fxsr, ht, mmx, sse, sse2, sse3, ssse3, sse4.1, sse4.2, popcnt, tsc, tscinvbit, avx, aes, clmul, vzeroupper, clflush, hv

Memory: 4k page, system-wide physical 24351M (5169M free)
TotalPageFile size 24351M (AvailPageFile size 1M)
current process WorkingSet (physical memory assigned to process): 45M, peak: 45M
current process commit charge ("private bytes"): 481M, peak: 481M

vm_info: Java HotSpot(TM) 64-Bit Server VM (17.0.9+11-LTS-201) for windows-amd64 JRE (17.0.9+11-LTS-201), built on Oct 10 2023 23:16:06 by "mach5one" with MS VC++ 17.1 (VS2022)

END.
